[2021-01-20 16:39:33 INFO  EchoServer: <init>:28] Server started!
[2021-01-21 14:00:15 INFO  EchoServer: <init>:28] Server started!
[2021-01-23 22:03:01 DEBUG DBCore: createTable:51] generated query: CREATE TABLE IF NOT EXISTSUSER(ID INTEGER, NAME TEXT, SURNAME TEXT );
[2021-01-23 22:07:33 DEBUG DBCore: createTable:51] generated query: CREATE TABLE IF NOT EXISTSUSER(ID INTEGER, NAME TEXT, SURNAME TEXT );
[2021-01-23 22:08:30 DEBUG DBCore: createTable:51] generated query: CREATE TABLE IF NOT EXISTSUSER(ID INTEGER, NAME TEXT, SURNAME TEXT );
[2021-01-23 22:08:57 DEBUG DBCore: createTable:51] generated query: CREATE TABLE IF NOT EXISTSUSER(ID INTEGER, NAME TEXT, SURNAME TEXT );
[2021-01-23 22:10:18 DEBUG DBCore: createTable:51] generated query: CREATE TABLE IF NOT EXISTS USER(ID INTEGER, NAME TEXT, SURNAME TEXT );
[2021-01-23 22:14:25 DEBUG DBCore: createTable:51] generated query: CREATE TABLE IF NOT EXISTS CAT(ID INTEGER, AGE INTEGER, NAME TEXT, COLOR TEXT );
[2021-01-23 22:26:55 DEBUG DBCore: createTable:51] generated query: CREATE TABLE IF NOT EXISTS CAT(ID INTEGER, AGE INTEGER, NAME TEXT, COLOR TEXT);
[2021-01-23 22:37:44 DEBUG DBCore: insert:77] generated query: INSERT INTO USER VALUES(1 , 'Ivanov' , 'Ivan' );
[2021-01-23 22:37:44 DEBUG DBCore: insert:77] generated query: INSERT INTO USER VALUES(1 , 'Petrov' , 'Petr' );
[2021-01-23 22:42:43 DEBUG DBCore: insert:82] generated query: INSERT INTO USER VALUES(1 , 'Ivanov' , 'Ivan' );
[2021-01-23 22:42:43 DEBUG DBCore: insert:82] generated query: INSERT INTO USER VALUES(1 , 'Petrov' , 'Petr' );
[2021-01-23 22:47:56 DEBUG DBCore: insert:89] generated query: INSERT INTO USER VALUES(1 , 'Ivanov' , 'Ivan' );
[2021-01-23 22:47:56 DEBUG DBCore: insert:89] generated query: INSERT INTO USER VALUES(1 , 'Petrov' , 'Petr' );
[2021-01-23 22:48:39 DEBUG DBCore: insert:89] generated query: INSERT INTO USER VALUES(1 , 'Ivanov' , 'Ivan' );
[2021-01-23 22:48:39 DEBUG DBCore: insert:89] generated query: INSERT INTO USER VALUES(1 , 'Petrov' , 'Petr' );
[2021-01-24 00:06:51 DEBUG DBCore: createTable:69] generated query: CREATE TABLE IF NOT EXISTS BOOK(BOOKID INTEGER, TITLE TEXT, AUTHOR TEXT);
[2021-01-24 00:11:54 DEBUG DBCore: createTable:68] generated query: CREATE TABLE IF NOT EXISTS BOOK(BOOKID INTEGER, TITLE TEXT, AUTHOR TEXT);
[2021-01-24 00:11:54 DEBUG DBCore: createTable:68] generated query: CREATE TABLE IF NOT EXISTS CAT(ID INTEGER, AGE INTEGER, NAME TEXT, COLOR TEXT);
[2021-01-24 00:11:54 DEBUG DBCore: createTable:68] generated query: CREATE TABLE IF NOT EXISTS USER(ID INTEGER, NAME TEXT, SURNAME TEXT);
[2021-01-24 00:15:20 DEBUG DBCore: createTable:68] generated query: CREATE TABLE IF NOT EXISTS BOOK(BOOKID INTEGER, TITLE TEXT, AUTHOR TEXT);
[2021-01-24 00:15:20 DEBUG DBCore: createTable:68] generated query: CREATE TABLE IF NOT EXISTS CAT(ID INTEGER, AGE INTEGER, NAME TEXT, COLOR TEXT);
[2021-01-24 00:15:20 DEBUG DBCore: createTable:68] generated query: CREATE TABLE IF NOT EXISTS USER(ID INTEGER, NAME TEXT, SURNAME TEXT);
[2021-01-24 00:15:47 DEBUG DBCore: createTable:68] generated query: CREATE TABLE IF NOT EXISTS BOOK(BOOKID INTEGER, TITLE TEXT, AUTHOR TEXT);
[2021-01-24 00:15:47 DEBUG DBCore: createTable:68] generated query: CREATE TABLE IF NOT EXISTS CAT(ID INTEGER, AGE INTEGER, NAME TEXT, COLOR TEXT);
[2021-01-24 00:15:47 DEBUG DBCore: createTable:68] generated query: CREATE TABLE IF NOT EXISTS USER(ID INTEGER, NAME TEXT, SURNAME TEXT);
[2021-01-24 00:15:47 DEBUG DBCore: insert:94] generated query: INSERT INTO BOOK VALUES(1 , 'War or Peace' , 'Lev' );
